Build started 2014/11/30 下午 04:22:44.
     1>Project "C:\Users\LEE\Desktop\新增資料夾\project\project\project.vcxproj" on node 2 (Rebuild target(s)).
     1>ClCompile:
         C:\Program Files (x86)\Microsoft Visual Studio 12.0\VC\bin\CL.exe /c /I"C:\Program Files\NVIDIA GPU Computing Toolkit\Samples\v6.5\common\inc" /I"C:\Program Files\NVIDIA GPU Computing Toolkit\CUDA\v6.5\include" /I"C:\ProgramData\NVIDIA Corporation\CUDA Samples\v6.5\common\inc" /Zi /nologo /W3 /WX- /O2 /Oi /Oy- /GL /D WIN32 /D NDEBUG /D _CONSOLE /D _LIB /D _UNICODE /D UNICODE /Gm- /EHsc /MD /GS /Gy /fp:precise /Zc:wchar_t /Zc:forScope /Fo"Release\\" /Fd"Release\vc120.pdb" /Gd /TP /analyze- /errorReport:prompt ../src/fft3.cpp ../src/Header.h ../src/ImageModification.cpp ../src/fft3r.cpp
         fft3.cpp
         Header.h
         ImageModification.cpp
     1>../src/ImageModification.cpp(18): warning C4996: 'fopen': This function or variable may be unsafe. Consider using fopen_s instead. To disable deprecation, use _CRT_SECURE_NO_WARNINGS. See online help for details.
                 C:\Program Files (x86)\Microsoft Visual Studio 12.0\VC\include\stdio.h(211) : see declaration of 'fopen'
         fft3r.cpp
       Link:
         C:\Program Files (x86)\Microsoft Visual Studio 12.0\VC\bin\link.exe /ERRORREPORT:PROMPT /OUT:"C:\Users\LEE\Desktop\新增資料夾\project\project\Release\project.exe" /INCREMENTAL:NO /NOLOGO /LIBPATH:"C:\Program Files\NVIDIA GPU Computing Toolkit\CUDA\v6.5\lib\Win32" /LIBPATH:"C:\Program Files\NVIDIA GPU Computing Toolkit\CUDA\v6.5\lib\Win32" cudart_static.lib kernel32.lib user32.lib gdi32.lib winspool.lib comdlg32.lib advapi32.lib shell32.lib ole32.lib oleaut32.lib uuid.lib odbc32.lib odbccp32.lib /MANIFEST /MANIFESTUAC:"level='asInvoker' uiAccess='false'" /manifest:embed /DEBUG /PDB:"C:\Users\LEE\Desktop\新增資料夾\project\project\Release\project.pdb" /SUBSYSTEM:CONSOLE /OPT:REF /OPT:ICF /LTCG /TLBID:1 /DYNAMICBASE /NXCOMPAT /IMPLIB:"C:\Users\LEE\Desktop\新增資料夾\project\project\Release\project.lib" /MACHINE:X86 /SAFESEH Release\fft3.obj
         Release\Header.obj
         Release\ImageModification.obj
         Release\fft3r.obj
         Generating code
         Finished generating code
         project.vcxproj -> C:\Users\LEE\Desktop\新增資料夾\project\project\Release\project.exe
       PostBuildEvent:
         copy /y "C:\Users\LEE\Desktop\新增資料夾\project\project\Release\project.exe" ..\simulation
         :VCEnd
         複製了         1 個檔案。
     1>Done Building Project "C:\Users\LEE\Desktop\新增資料夾\project\project\project.vcxproj" (Rebuild target(s)).

Build succeeded.

Time Elapsed 00:00:01.05
